<?xml version="1.0" encoding="UTF-8"?>
<testng-results ignored="0" total="3" passed="3" failed="0" skipped="0">
  <reporter-output>
  </reporter-output>
  <suite started-at="2025-01-19T13:42:14 IST" name="Suite" finished-at="2025-01-19T13:42:25 IST" duration-ms="11427">
    <groups>
    </groups>
    <test started-at="2025-01-19T13:42:14 IST" name="Test" finished-at="2025-01-19T13:42:25 IST" duration-ms="11427">
      <class name="tests.LoginTest">
        <test-method is-config="true" signature="setUp()[pri:0, instance:tests.LoginTest@35ef1869]" started-at="2025-01-19T13:42:14 IST" name="setUp" finished-at="2025-01-19T13:42:17 IST" duration-ms="2636" status="PASS">
          <reporter-output>
          </reporter-output>
        </test-method> <!-- setUp -->
        <test-method signature="loginTest(java.lang.String,java.lang.String)[pri:0, instance:tests.LoginTest@35ef1869]" started-at="2025-01-19T13:42:17 IST" name="loginTest" data-provider="testdata" finished-at="2025-01-19T13:42:17 IST" duration-ms="466" status="PASS">
          <params>
            <param index="0">
              <value>
                <![CDATA[standard_user]]>
              </value>
            </param>
            <param index="1">
              <value>
                <![CDATA[secret_sauce]]>
              </value>
            </param>
          </params>
          <reporter-output>
          </reporter-output>
        </test-method> <!-- loginTest -->
        <test-method is-config="true" signature="tearDown()[pri:0, instance:tests.LoginTest@35ef1869]" started-at="2025-01-19T13:42:17 IST" name="tearDown" finished-at="2025-01-19T13:42:19 IST" duration-ms="1443" status="PASS">
          <reporter-output>
          </reporter-output>
        </test-method> <!-- tearDown -->
        <test-method is-config="true" signature="setUp()[pri:0, instance:tests.LoginTest@35ef1869]" started-at="2025-01-19T13:42:19 IST" name="setUp" finished-at="2025-01-19T13:42:20 IST" duration-ms="1423" status="PASS">
          <reporter-output>
          </reporter-output>
        </test-method> <!-- setUp -->
        <test-method signature="loginTest(java.lang.String,java.lang.String)[pri:0, instance:tests.LoginTest@35ef1869]" started-at="2025-01-19T13:42:20 IST" name="loginTest" data-provider="testdata" finished-at="2025-01-19T13:42:21 IST" duration-ms="312" status="PASS">
          <params>
            <param index="0">
              <value>
                <![CDATA[locked_out_user]]>
              </value>
            </param>
            <param index="1">
              <value>
                <![CDATA[secret_sauce]]>
              </value>
            </param>
          </params>
          <reporter-output>
          </reporter-output>
        </test-method> <!-- loginTest -->
        <test-method is-config="true" signature="tearDown()[pri:0, instance:tests.LoginTest@35ef1869]" started-at="2025-01-19T13:42:21 IST" name="tearDown" finished-at="2025-01-19T13:42:22 IST" duration-ms="1299" status="PASS">
          <reporter-output>
          </reporter-output>
        </test-method> <!-- tearDown -->
        <test-method is-config="true" signature="setUp()[pri:0, instance:tests.LoginTest@35ef1869]" started-at="2025-01-19T13:42:22 IST" name="setUp" finished-at="2025-01-19T13:42:23 IST" duration-ms="1453" status="PASS">
          <reporter-output>
          </reporter-output>
        </test-method> <!-- setUp -->
        <test-method signature="loginTest(java.lang.String,java.lang.String)[pri:0, instance:tests.LoginTest@35ef1869]" started-at="2025-01-19T13:42:23 IST" name="loginTest" data-provider="testdata" finished-at="2025-01-19T13:42:24 IST" duration-ms="375" status="PASS">
          <params>
            <param index="0">
              <value>
                <![CDATA[problem_user]]>
              </value>
            </param>
            <param index="1">
              <value>
                <![CDATA[secret_sauce]]>
              </value>
            </param>
          </params>
          <reporter-output>
          </reporter-output>
        </test-method> <!-- loginTest -->
        <test-method is-config="true" signature="tearDown()[pri:0, instance:tests.LoginTest@35ef1869]" started-at="2025-01-19T13:42:24 IST" name="tearDown" finished-at="2025-01-19T13:42:25 IST" duration-ms="1323" status="PASS">
          <reporter-output>
          </reporter-output>
        </test-method> <!-- tearDown -->
      </class> <!-- tests.LoginTest -->
    </test> <!-- Test -->
  </suite> <!-- Suite -->
</testng-results>
