<?xml version="1.0" encoding="UTF-8"?>
<testng-results ignored="0" total="2" passed="2" failed="0" skipped="0">
  <reporter-output>
  </reporter-output>
  <suite started-at="2025-01-19T21:12:49 IST" name="Default suite" finished-at="2025-01-19T21:12:54 IST" duration-ms="4177">
    <groups>
    </groups>
    <test started-at="2025-01-19T21:12:49 IST" name="Default test" finished-at="2025-01-19T21:12:54 IST" duration-ms="4177">
      <class name="tests.SearchTest">
        <test-method is-config="true" signature="setUp()[pri:0, instance:tests.SearchTest@1bd4fdd]" started-at="2025-01-19T21:12:49 IST" name="setUp" finished-at="2025-01-19T21:12:52 IST" duration-ms="2285" status="PASS">
          <reporter-output>
          </reporter-output>
        </test-method> <!-- setUp -->
        <test-method signature="addTocart()[pri:1, instance:tests.SearchTest@1bd4fdd]" started-at="2025-01-19T21:12:52 IST" name="addTocart" finished-at="2025-01-19T21:12:52 IST" duration-ms="446" status="PASS">
          <reporter-output>
          </reporter-output>
        </test-method> <!-- addTocart -->
        <test-method signature="remove()[pri:2, instance:tests.SearchTest@1bd4fdd]" started-at="2025-01-19T21:12:52 IST" name="remove" finished-at="2025-01-19T21:12:52 IST" duration-ms="65" status="PASS">
          <reporter-output>
          </reporter-output>
        </test-method> <!-- remove -->
        <test-method is-config="true" signature="tearDown()[pri:0, instance:tests.SearchTest@1bd4fdd]" started-at="2025-01-19T21:12:52 IST" name="tearDown" finished-at="2025-01-19T21:12:54 IST" duration-ms="1340" status="PASS">
          <reporter-output>
          </reporter-output>
        </test-method> <!-- tearDown -->
      </class> <!-- tests.SearchTest -->
    </test> <!-- Default test -->
  </suite> <!-- Default suite -->
</testng-results>
